14:54:14.750 INFO [general]  Config ( yes ): default properties from resource 'ethereumj.conf'
14:54:14.750 INFO [general]  Config ( no  ): user properties from -Dethereumj.conf.res resource 'null'
14:54:14.750 INFO [general]  Config ( no  ): user properties from resource 'user.conf'
14:54:14.750 INFO [general]  Config ( no  ): user properties from file 'C:\Users\anbo1015\Documents\NetBeansProjects\WebMoney\config\ethereumj.conf'
14:54:14.750 INFO [general]  Config ( no  ): test properties from resource 'test-ethereumj.conf'
14:54:14.750 INFO [general]  Config ( no  ): test properties from resource 'test-user.conf'
14:54:14.760 INFO [general]  Config ( no  ): user properties from -Dethereumj.conf.file file 'null'
14:54:14.760 INFO [general]  Config ( no  ): config passed via constructor
14:54:14.910 INFO [general]  New nodeID generated: 28ffee9ac526a201879d629110a89e61e5dec507181da30f7ade1351fd39e04e770f4e5577591b517bfed3cdd0024f55ec7c5e13008bf36be7c55da1b145724a
14:54:14.910 INFO [general]  Generated nodeID and its private key stored in database\nodeId.properties
14:54:14.941 DEBUG [general]  Config trace: # system properties
awt {
    # system properties
    toolkit="sun.awt.windows.WToolkit"
}
# ethereumj.conf: 140-251
blockchain {
    # ethereumj.conf: 140
    config {
        # ethereumj.conf: 140
        name=main
    }
    # ethereumj.conf: 251
    only=false
}
# ethereumj.conf: 257
blocks {
    # ethereumj.conf: 257
    loader=""
}
# ethereumj.conf: 271
cache {
    # ethereumj.conf: 273
    flush {
        # ethereumj.conf: 279
        blocks=1000
        # ethereumj.conf: 276
        memory=0
    }
}
# ethereumj.conf: 179
coinbase {
    # ethereumj.conf: 179
    secret=monkey
}
# ethereumj.conf: 164
database {
    # ethereumj.conf: 167
    dir=database
    # ethereumj.conf: 173
    reset=false
}
# ethereumj.conf: 264
details {
    # ethereumj.conf: 264
    inmemory {
        # ethereumj.conf: 264
        storage {
            # ethereumj.conf: 264
            limit=1000000
        }
    }
}
# ethereumj.conf: 181
dump {
    # ethereumj.conf: 194
    block=-1
    # ethereumj.conf: 198
    clean {
        # ethereumj.conf: 198
        on {
            # ethereumj.conf: 198
            restart=true
        }
    }
    # ethereumj.conf: 188
    dir=dmp
    # ethereumj.conf: 187
    full=false
    # ethereumj.conf: 195
    style=pretty
}
# system properties
file {
    # system properties
    encoding {
        # system properties
        pkg="sun.io"
    }
    # system properties
    separator="\\"
}
# ethereumj.conf: 130
genesis="frontier.json"
# ethereumj.conf: 229
hello {
    # ethereumj.conf: 229
    phrase=Dev
}
# system properties
java {
    # system properties
    awt {
        # system properties
        graphicsenv="sun.awt.Win32GraphicsEnvironment"
        # system properties
        printerjob="sun.awt.windows.WPrinterJob"
    }
    # system properties
    class {
        # system properties
        path="C:\\Users\\anbo1015\\Documents\\NetBeansProjects\\WebMoney\\build\\web\\WEB-INF\\classes;C:\\Program Files\\NetBeans 8.1\\ide\\modules\\ext\\mysql-connector-java-5.1.23-bin.jar;C:\\Program Files\\Java\\jdk1.8.0_65\\db\\lib\\derby.jar;C:\\Program Files\\Java\\jdk1.8.0_65\\db\\lib\\derbyclient.jar;C:\\Program Files\\Java\\jdk1.8.0_65\\db\\lib\\derbynet.jar;C:\\Program Files\\NetBeans 8.1\\java\\modules\\ext\\eclipselink\\javax.persistence_2.1.0.v201304241213.jar;C:\\Program Files\\NetBeans 8.1\\enterprise\\modules\\ext\\jstl-impl.jar;C:\\Program Files\\NetBeans 8.1\\enterprise\\modules\\ext\\jstl-api.jar;C:\\Users\\anbo1015\\Desktop\\ethereumj-core-1.2.0-RELEASE\\lib\\antlr-2.7.7.jar;C:\\Users\\anbo1015\\Desktop\\ethereumj-core-1.2.0-RELEASE\\lib\\aopalliance-1.0.jar;C:\\Users\\anbo1015\\Desktop\\ethereumj-core-1.2.0-RELEASE\\lib\\apache-log4j-extras-1.2.17.jar;C:\\Users\\anbo1015\\Desktop\\ethereumj-core-1.2.0-RELEASE\\lib\\commons-codec-1.10.jar;C:\\Users\\anbo1015\\Desktop\\ethereumj-core-1.2.0-RELEASE\\lib\\commons-collections4-4.0.jar;C:\\Users\\anbo1015\\Desktop\\ethereumj-core-1.2.0-RELEASE\\lib\\commons-dbcp-1.4.jar;C:\\Users\\anbo1015\\Desktop\\ethereumj-core-1.2.0-RELEASE\\lib\\commons-lang3-3.4.jar;C:\\Users\\anbo1015\\Desktop\\ethereumj-core-1.2.0-RELEASE\\lib\\commons-logging-1.2.jar;C:\\Users\\anbo1015\\Desktop\\ethereumj-core-1.2.0-RELEASE\\lib\\commons-pool-1.5.4.jar;C:\\Users\\anbo1015\\Desktop\\ethereumj-core-1.2.0-RELEASE\\lib\\commons-pool2-2.0.jar;C:\\Users\\anbo1015\\Desktop\\ethereumj-core-1.2.0-RELEASE\\lib\\config-1.2.1.jar;C:\\Users\\anbo1015\\Desktop\\ethereumj-core-1.2.0-RELEASE\\lib\\core-1.51.0.0.jar;C:\\Users\\anbo1015\\Desktop\\ethereumj-core-1.2.0-RELEASE\\lib\\dom4j-1.6.1.jar;C:\\Users\\anbo1015\\Desktop\\ethereumj-core-1.2.0-RELEASE\\lib\\ethereumj-core-1.2.0-RELEASE.jar;C:\\Users\\anbo1015\\Desktop\\ethereumj-core-1.2.0-RELEASE\\lib\\guava-16.0.1.jar;C:\\Users\\anbo1015\\Desktop\\ethereumj-core-1.2.0-RELEASE\\lib\\h2-1.4.187.jar;C:\\Users\\anbo1015\\Desktop\\ethereumj-core-1.2.0-RELEASE\\lib\\hawtjni-runtime-1.9.jar;C:\\Users\\anbo1015\\Desktop\\ethereumj-core-1.2.0-RELEASE\\lib\\hibernate-commons-annotations-4.0.5.Final.jar;C:\\Users\\anbo1015\\Desktop\\ethereumj-core-1.2.0-RELEASE\\lib\\hibernate-core-4.3.7.Final.jar;C:\\Users\\anbo1015\\Desktop\\ethereumj-core-1.2.0-RELEASE\\lib\\hibernate-entitymanager-4.3.7.Final.jar;C:\\Users\\anbo1015\\Desktop\\ethereumj-core-1.2.0-RELEASE\\lib\\hibernate-jpa-2.1-api-1.0.0.Final.jar;C:\\Users\\anbo1015\\Desktop\\ethereumj-core-1.2.0-RELEASE\\lib\\jackson-annotations-2.5.0.jar;C:\\Users\\anbo1015\\Desktop\\ethereumj-core-1.2.0-RELEASE\\lib\\jackson-core-2.5.1.jar;C:\\Users\\anbo1015\\Desktop\\ethereumj-core-1.2.0-RELEASE\\lib\\jackson-core-asl-1.9.13.jar;C:\\Users\\anbo1015\\Desktop\\ethereumj-core-1.2.0-RELEASE\\lib\\jackson-databind-2.5.1.jar;C:\\Users\\anbo1015\\Desktop\\ethereumj-core-1.2.0-RELEASE\\lib\\jackson-mapper-asl-1.9.13.jar;C:\\Users\\anbo1015\\Desktop\\ethereumj-core-1.2.0-RELEASE\\lib\\jandex-1.1.0.Final.jar;C:\\Users\\anbo1015\\Desktop\\ethereumj-core-1.2.0-RELEASE\\lib\\java-util-1.8.0.jar;C:\\Users\\anbo1015\\Desktop\\ethereumj-core-1.2.0-RELEASE\\lib\\javassist-3.18.1-GA.jar;C:\\Users\\anbo1015\\Desktop\\ethereumj-core-1.2.0-RELEASE\\lib\\jboss-logging-3.1.3.GA.jar;C:\\Users\\anbo1015\\Desktop\\ethereumj-core-1.2.0-RELEASE\\lib\\jboss-logging-annotations-1.2.0.Beta1.jar;C:\\Users\\anbo1015\\Desktop\\ethereumj-core-1.2.0-RELEASE\\lib\\jboss-transaction-api_1.2_spec-1.0.0.Final.jar;C:\\Users\\anbo1015\\Desktop\\ethereumj-core-1.2.0-RELEASE\\lib\\jcl-over-slf4j-1.7.7.jar;C:\\Users\\anbo1015\\Desktop\\ethereumj-core-1.2.0-RELEASE\\lib\\jedis-2.6.0.jar;C:\\Users\\anbo1015\\Desktop\\ethereumj-core-1.2.0-RELEASE\\lib\\json-io-2.4.1.jar;C:\\Users\\anbo1015\\Desktop\\ethereumj-core-1.2.0-RELEASE\\lib\\json-simple-1.1.1.jar;C:\\Users\\anbo1015\\Desktop\\ethereumj-core-1.2.0-RELEASE\\lib\\jsr305-3.0.0.jar;C:\\Users\\anbo1015\\Desktop\\ethereumj-core-1.2.0-RELEASE\\lib\\leveldb-0.7.jar;C:\\Users\\anbo1015\\Desktop\\ethereumj-core-1.2.0-RELEASE\\lib\\leveldb-api-0.7.jar;C:\\Users\\anbo1015\\Desktop\\ethereumj-core-1.2.0-RELEASE\\lib\\leveldbjni-1.8.jar;C:\\Users\\anbo1015\\Desktop\\ethereumj-core-1.2.0-RELEASE\\lib\\leveldbjni-all-1.18.jar;C:\\Users\\anbo1015\\Desktop\\ethereumj-core-1.2.0-RELEASE\\lib\\log4j-1.2.17.jar;C:\\Users\\anbo1015\\Desktop\\ethereumj-core-1.2.0-RELEASE\\lib\\mapdb-2.0-beta12.jar;C:\\Users\\anbo1015\\Desktop\\ethereumj-core-1.2.0-RELEASE\\lib\\netty-all-4.0.30.Final.jar;C:\\Users\\anbo1015\\Desktop\\ethereumj-core-1.2.0-RELEASE\\lib\\prov-1.51.0.0.jar;C:\\Users\\anbo1015\\Desktop\\ethereumj-core-1.2.0-RELEASE\\lib\\slf4j-api-1.7.7.jar;C:\\Users\\anbo1015\\Desktop\\ethereumj-core-1.2.0-RELEASE\\lib\\slf4j-log4j12-1.7.7.jar;C:\\Users\\anbo1015\\Desktop\\ethereumj-core-1.2.0-RELEASE\\lib\\spring-aop-4.2.0.RELEASE.jar;C:\\Users\\anbo1015\\Desktop\\ethereumj-core-1.2.0-RELEASE\\lib\\spring-beans-4.2.0.RELEASE.jar;C:\\Users\\anbo1015\\Desktop\\ethereumj-core-1.2.0-RELEASE\\lib\\spring-context-4.2.0.RELEASE.jar;C:\\Users\\anbo1015\\Desktop\\ethereumj-core-1.2.0-RELEASE\\lib\\spring-core-4.2.0.RELEASE.jar;C:\\Users\\anbo1015\\Desktop\\ethereumj-core-1.2.0-RELEASE\\lib\\spring-expression-4.2.0.RELEASE.jar;C:\\Users\\anbo1015\\Desktop\\ethereumj-core-1.2.0-RELEASE\\lib\\spring-jdbc-4.2.0.RELEASE.jar;C:\\Users\\anbo1015\\Desktop\\ethereumj-core-1.2.0-RELEASE\\lib\\spring-orm-4.2.0.RELEASE.jar;C:\\Users\\anbo1015\\Desktop\\ethereumj-core-1.2.0-RELEASE\\lib\\spring-tx-4.2.0.RELEASE.jar;C:\\Users\\anbo1015\\Desktop\\ethereumj-core-1.2.0-RELEASE\\lib\\xml-apis-1.0.b2.jar;C:\\Program Files\\Apache Software Foundation\\Apache Tomcat 8.0.27\\lib\\annotations-api.jar;C:\\Program Files\\Apache Software Foundation\\Apache Tomcat 8.0.27\\lib\\catalina-ant.jar;C:\\Program Files\\Apache Software Foundation\\Apache Tomcat 8.0.27\\lib\\catalina-ha.jar;C:\\Program Files\\Apache Software Foundation\\Apache Tomcat 8.0.27\\lib\\catalina-storeconfig.jar;C:\\Program Files\\Apache Software Foundation\\Apache Tomcat 8.0.27\\lib\\catalina-tribes.jar;C:\\Program Files\\Apache Software Foundation\\Apache Tomcat 8.0.27\\lib\\catalina.jar;C:\\Program Files\\Apache Software Foundation\\Apache Tomcat 8.0.27\\lib\\ecj-4.4.2.jar;C:\\Program Files\\Apache Software Foundation\\Apache Tomcat 8.0.27\\lib\\el-api.jar;C:\\Program Files\\Apache Software Foundation\\Apache Tomcat 8.0.27\\lib\\jasper-el.jar;C:\\Program Files\\Apache Software Foundation\\Apache Tomcat 8.0.27\\lib\\jasper.jar;C:\\Program Files\\Apache Software Foundation\\Apache Tomcat 8.0.27\\lib\\jsp-api.jar;C:\\Program Files\\Apache Software Foundation\\Apache Tomcat 8.0.27\\lib\\servlet-api.jar;C:\\Program Files\\Apache Software Foundation\\Apache Tomcat 8.0.27\\lib\\tomcat-api.jar;C:\\Program Files\\Apache Software Foundation\\Apache Tomcat 8.0.27\\lib\\tomcat-coyote.jar;C:\\Program Files\\Apache Software Foundation\\Apache Tomcat 8.0.27\\lib\\tomcat-dbcp.jar;C:\\Program Files\\Apache Software Foundation\\Apache Tomcat 8.0.27\\lib\\tomcat-i18n-es.jar;C:\\Program Files\\Apache Software Foundation\\Apache Tomcat 8.0.27\\lib\\tomcat-i18n-fr.jar;C:\\Program Files\\Apache Software Foundation\\Apache Tomcat 8.0.27\\lib\\tomcat-i18n-ja.jar;C:\\Program Files\\Apache Software Foundation\\Apache Tomcat 8.0.27\\lib\\tomcat-jdbc.jar;C:\\Program Files\\Apache Software Foundation\\Apache Tomcat 8.0.27\\lib\\tomcat-jni.jar;C:\\Program Files\\Apache Software Foundation\\Apache Tomcat 8.0.27\\lib\\tomcat-util-scan.jar;C:\\Program Files\\Apache Software Foundation\\Apache Tomcat 8.0.27\\lib\\tomcat-util.jar;C:\\Program Files\\Apache Software Foundation\\Apache Tomcat 8.0.27\\lib\\tomcat-websocket.jar;C:\\Program Files\\Apache Software Foundation\\Apache Tomcat 8.0.27\\lib\\websocket-api.jar"
        # system properties
        version="52.0"
    }
    # system properties
    endorsed {
        # system properties
        dirs="C:\\Program Files\\Java\\jdk1.8.0_65\\jre\\lib\\endorsed"
    }
    # system properties
    ext {
        # system properties
        dirs="C:\\Program Files\\Java\\jdk1.8.0_65\\jre\\lib\\ext;C:\\windows\\Sun\\Java\\lib\\ext"
    }
    # system properties
    home="C:\\Program Files\\Java\\jdk1.8.0_65\\jre"
    # system properties
    io {
        # system properties
        tmpdir="C:\\Users\\anbo1015\\AppData\\Local\\Temp\\"
    }
    # system properties
    library {
        # system properties
        path="C:\\Program Files\\Java\\jdk1.8.0_65\\bin;C:\\windows\\Sun\\Java\\bin;C:\\windows\\system32;C:\\windows;C:\\ProgramData\\Oracle\\Java\\javapath;C:\\oracle\\product\\11.2.0\\client_1;C:\\oracle\\product\\10.2.0\\client_1;C:\\Program Files (x86)\\Intel\\iCLS Client\\;C:\\Program Files\\Intel\\iCLS Client\\;C:\\windows\\system32;C:\\windows;C:\\windows\\System32\\Wbem;C:\\Users\\anbo1015\\Documents\\Maven\\bin;C:\\windows\\System32\\WindowsPowerShell\\v1.0\\;C:\\Program Files (x86)\\Intel\\OpenCL SDK\\2.0\\bin\\x86;C:\\Program Files (x86)\\Intel\\OpenCL SDK\\2.0\\bin\\x64;C:\\Program Files\\Intel\\Intel(R) Management Engine Components\\DAL;C:\\Program Files\\Intel\\Intel(R) Management Engine Components\\IPT;C:\\Program Files (x86)\\Intel\\Intel(R) Management Engine Components\\DAL;C:\\Program Files (x86)\\Intel\\Intel(R) Management Engine Components\\IPT;C:\\Program Files (x86)\\Kaspersky Lab\\Kaspersky Endpoint Security 10 for Windows\\;C:\\Program Files\\TortoiseSVN\\bin;C:\\Program Files (x86)\\Skype\\Phone\\;C:\\Program Files (x86)\\Sennheiser\\SoftphoneSDK\\;."
    }
    # system properties
    runtime {
        # system properties
        name="Java(TM) SE Runtime Environment"
        # system properties
        version="1.8.0_65-b17"
    }
    # system properties
    specification {
        # system properties
        name="Java Platform API Specification"
        # system properties
        vendor="Oracle Corporation"
        # system properties
        version="1.8"
    }
    # system properties
    vendor {
        # system properties
        url {
            # system properties
            bug="http://bugreport.sun.com/bugreport/"
        }
    }
    # system properties
    version="1.8.0_65"
    # system properties
    vm {
        # system properties
        info="mixed mode"
        # system properties
        name="Java HotSpot(TM) 64-Bit Server VM"
        # system properties
        specification {
            # system properties
            name="Java Virtual Machine Specification"
            # system properties
            vendor="Oracle Corporation"
            # system properties
            version="1.8"
        }
        # system properties
        vendor="Oracle Corporation"
        # system properties
        version="25.65-b01"
    }
}
# ethereumj.conf: 244
keyvalue {
    # ethereumj.conf: 244
    datasource=leveldb
}
# system properties
line {
    # system properties
    separator="\r\n"
}
# ethereumj.conf: 319
mine {
    # ethereumj.conf: 328
    coinbase="50b8f981ce93fd5b81b844409169148428400bf3"
    # ethereumj.conf: 345
    cpuMineThreads=4
    # ethereumj.conf: 332
    extraData="EthereumJ powered"
    # ethereumj.conf: 351
    fullDataSet=true
    # ethereumj.conf: 341
    minBlockTimeoutMsec=0
    # ethereumj.conf: 338
    minGasPrice=50000000000
    # ethereumj.conf: 325
    start=false
}
# system properties
os {
    # system properties
    arch=amd64
    # system properties
    name="Windows 7"
    # system properties
    version="6.1"
}
# system properties
path {
    # system properties
    separator=";"
}
# ethereumj.conf: 1-56
peer {
    # ethereumj.conf: 59
    active=[]
    # ethereumj.conf: 83
    capabilities=[
        # ethereumj.conf: 83
        eth
    ]
    # ethereumj.conf: 96
    channel {
        # ethereumj.conf: 96
        read {
            # ethereumj.conf: 96
            timeout=90
        }
    }
    # ethereumj.conf: 91
    connection {
        # ethereumj.conf: 91
        timeout=2
    }
    # ethereumj.conf: 1
    discovery {
        # ethereumj.conf: 49
        bind {
            # ethereumj.conf: 49
            ip=""
        }
        # ethereumj.conf: 7
        enabled=true
        # ethereumj.conf: 41
        external {
            # ethereumj.conf: 41
            ip=null
        }
        # ethereumj.conf: 17
        ip {
            # ethereumj.conf: 17
            list=[
                # ethereumj.conf: 18
                "54.94.239.50:30303",
                # ethereumj.conf: 19
                "52.16.188.185:30303",
                # ethereumj.conf: 20
                "frontier-2.ether.camp:30303",
                # ethereumj.conf: 21
                "frontier-3.ether.camp:30303",
                # ethereumj.conf: 22
                "frontier-4.ether.camp:30303"
            ]
        }
        # ethereumj.conf: 27
        persist=true
        # ethereumj.conf: 53
        public {
            # ethereumj.conf: 53
            home {
                # ethereumj.conf: 53
                node=true
            }
        }
        # ethereumj.conf: 36
        touchMaxNodes=100
        # ethereumj.conf: 32
        touchPeriod=600
        # ethereumj.conf: 12
        workers=8
    }
    # ethereumj.conf: 87
    listen {
        # ethereumj.conf: 87
        port=30303
    }
    # ethereumj.conf: 123
    maxAcivePeers=30
    # ethereumj.conf: 105
    networkId=1
    # ethereumj.conf: 107
    p2p {
        # ethereumj.conf: 117
        eip8=true
        # ethereumj.conf: 113
        framing {
            # ethereumj.conf: 113
            maxSize=32768
        }
    }
    # ethereumj.conf: 70
    trusted=[]
}
# ethereumj.conf: 225
play {
    # ethereumj.conf: 225
    vm=true
}
# ethereumj.conf: 250
record {
    # ethereumj.conf: 250
    blocks=false
}
# ethereumj.conf: 248
redis {
    # ethereumj.conf: 248
    enabled=false
}
# ethereumj.conf: 241
root {
    # ethereumj.conf: 241
    hash {
        # ethereumj.conf: 241
        start=null
    }
}
# ethereumj.conf: 162
samples {
    # ethereumj.conf: 162
    dir=samples
}
# system properties
sun {
    # system properties
    arch {
        # system properties
        data {
            # system properties
            model="64"
        }
    }
    # system properties
    boot {
        # system properties
        class {
            # system properties
            path="C:\\Program Files\\NetBeans 8.1\\enterprise\\modules\\ext\\javaee6-endorsed\\javax.annotation.jar;C:\\Program Files\\NetBeans 8.1\\enterprise\\modules\\ext\\javaee6-endorsed\\jaxb-api-osgi.jar;C:\\Program Files\\NetBeans 8.1\\enterprise\\modules\\ext\\javaee6-endorsed\\webservices-api-osgi.jar;C:\\Program Files\\Java\\jdk1.8.0_65\\jre\\lib\\resources.jar;C:\\Program Files\\Java\\jdk1.8.0_65\\jre\\lib\\rt.jar;C:\\Program Files\\Java\\jdk1.8.0_65\\jre\\lib\\sunrsasign.jar;C:\\Program Files\\Java\\jdk1.8.0_65\\jre\\lib\\jsse.jar;C:\\Program Files\\Java\\jdk1.8.0_65\\jre\\lib\\jce.jar;C:\\Program Files\\Java\\jdk1.8.0_65\\jre\\lib\\charsets.jar;C:\\Program Files\\Java\\jdk1.8.0_65\\jre\\lib\\jfr.jar;C:\\Program Files\\Java\\jdk1.8.0_65\\jre\\classes"
        }
        # system properties
        library {
            # system properties
            path="C:\\Program Files\\Java\\jdk1.8.0_65\\jre\\bin"
        }
    }
    # system properties
    cpu {
        # system properties
        endian=little
        # system properties
        isalist=amd64
    }
    # system properties
    desktop=windows
    # system properties
    io {
        # system properties
        unicode {
            # system properties
            encoding=UnicodeLittle
        }
    }
    # system properties
    java {
        # system properties
        command="test.testing"
        # system properties
        launcher="SUN_STANDARD"
    }
    # system properties
    jnu {
        # system properties
        encoding=Cp1252
    }
    # system properties
    management {
        # system properties
        compiler="HotSpot 64-Bit Tiered Compilers"
    }
    # system properties
    os {
        # system properties
        patch {
            # system properties
            level="Service Pack 1"
        }
    }
}
# ethereumj.conf: 284
sync {
    # ethereumj.conf: 288
    enabled=true
    # ethereumj.conf: 295-302
    max {
        # ethereumj.conf: 302
        blocks {
            # ethereumj.conf: 302
            ask=100
        }
        # ethereumj.conf: 295
        hashes {
            # ethereumj.conf: 295
            ask=10000
        }
    }
    # ethereumj.conf: 310
    peer {
        # ethereumj.conf: 310
        count=30
    }
}
# ethereumj.conf: 218
trace {
    # ethereumj.conf: 218
    startblock=-1
}
# ethereumj.conf: 153-157
transaction {
    # ethereumj.conf: 153
    approve {
        # ethereumj.conf: 153
        timeout=15
    }
    # ethereumj.conf: 157
    outdated {
        # ethereumj.conf: 157
        threshold=10
    }
}
# system properties
user {
    # system properties
    country=US
    # system properties
    dir="C:\\Users\\anbo1015\\Documents\\NetBeansProjects\\WebMoney"
    # system properties
    home="C:\\Users\\anbo1015"
    # system properties
    language=en
    # system properties
    name=anbo1015
    # system properties
    script=""
    # system properties
    timezone="Europe/Helsinki"
    # system properties
    variant=""
}
# ethereumj.conf: 208
vm {
    # ethereumj.conf: 208
    structured {
        # ethereumj.conf: 211
        compressed=true
        # ethereumj.conf: 210
        dir=vmtrace
        # ethereumj.conf: 212
        initStorageLimit=10000
        # ethereumj.conf: 209
        trace=false
    }
}

14:55:55.217 INFO [general]  Config ( yes ): default properties from resource 'ethereumj.conf'
14:55:55.217 INFO [general]  Config ( no  ): user properties from -Dethereumj.conf.res resource 'null'
14:55:55.217 INFO [general]  Config ( no  ): user properties from resource 'user.conf'
14:55:55.217 INFO [general]  Config ( no  ): user properties from file 'C:\Users\anbo1015\Documents\NetBeansProjects\WebMoney\config\ethereumj.conf'
14:55:55.217 INFO [general]  Config ( no  ): test properties from resource 'test-ethereumj.conf'
14:55:55.217 INFO [general]  Config ( no  ): test properties from resource 'test-user.conf'
14:55:55.217 INFO [general]  Config ( no  ): user properties from -Dethereumj.conf.file file 'null'
14:55:55.217 INFO [general]  Config ( no  ): config passed via constructor
14:55:55.317 DEBUG [general]  Config trace: # system properties
awt {
    # system properties
    toolkit="sun.awt.windows.WToolkit"
}
# ethereumj.conf: 140-251
blockchain {
    # ethereumj.conf: 140
    config {
        # ethereumj.conf: 140
        name=main
    }
    # ethereumj.conf: 251
    only=false
}
# ethereumj.conf: 257
blocks {
    # ethereumj.conf: 257
    loader=""
}
# ethereumj.conf: 271
cache {
    # ethereumj.conf: 273
    flush {
        # ethereumj.conf: 279
        blocks=1000
        # ethereumj.conf: 276
        memory=0
    }
}
# ethereumj.conf: 179
coinbase {
    # ethereumj.conf: 179
    secret=monkey
}
# ethereumj.conf: 164
database {
    # ethereumj.conf: 167
    dir=database
    # ethereumj.conf: 173
    reset=false
}
# ethereumj.conf: 264
details {
    # ethereumj.conf: 264
    inmemory {
        # ethereumj.conf: 264
        storage {
            # ethereumj.conf: 264
            limit=1000000
        }
    }
}
# ethereumj.conf: 181
dump {
    # ethereumj.conf: 194
    block=-1
    # ethereumj.conf: 198
    clean {
        # ethereumj.conf: 198
        on {
            # ethereumj.conf: 198
            restart=true
        }
    }
    # ethereumj.conf: 188
    dir=dmp
    # ethereumj.conf: 187
    full=false
    # ethereumj.conf: 195
    style=pretty
}
# system properties
file {
    # system properties
    encoding {
        # system properties
        pkg="sun.io"
    }
    # system properties
    separator="\\"
}
# ethereumj.conf: 130
genesis="frontier.json"
# ethereumj.conf: 229
hello {
    # ethereumj.conf: 229
    phrase=Dev
}
# system properties
java {
    # system properties
    awt {
        # system properties
        graphicsenv="sun.awt.Win32GraphicsEnvironment"
        # system properties
        printerjob="sun.awt.windows.WPrinterJob"
    }
    # system properties
    class {
        # system properties
        path="C:\\Users\\anbo1015\\Documents\\NetBeansProjects\\WebMoney\\build\\web\\WEB-INF\\classes;C:\\Program Files\\NetBeans 8.1\\ide\\modules\\ext\\mysql-connector-java-5.1.23-bin.jar;C:\\Program Files\\Java\\jdk1.8.0_65\\db\\lib\\derby.jar;C:\\Program Files\\Java\\jdk1.8.0_65\\db\\lib\\derbyclient.jar;C:\\Program Files\\Java\\jdk1.8.0_65\\db\\lib\\derbynet.jar;C:\\Program Files\\NetBeans 8.1\\java\\modules\\ext\\eclipselink\\javax.persistence_2.1.0.v201304241213.jar;C:\\Program Files\\NetBeans 8.1\\enterprise\\modules\\ext\\jstl-impl.jar;C:\\Program Files\\NetBeans 8.1\\enterprise\\modules\\ext\\jstl-api.jar;C:\\Users\\anbo1015\\Desktop\\ethereumj-core-1.2.0-RELEASE\\lib\\antlr-2.7.7.jar;C:\\Users\\anbo1015\\Desktop\\ethereumj-core-1.2.0-RELEASE\\lib\\aopalliance-1.0.jar;C:\\Users\\anbo1015\\Desktop\\ethereumj-core-1.2.0-RELEASE\\lib\\apache-log4j-extras-1.2.17.jar;C:\\Users\\anbo1015\\Desktop\\ethereumj-core-1.2.0-RELEASE\\lib\\commons-codec-1.10.jar;C:\\Users\\anbo1015\\Desktop\\ethereumj-core-1.2.0-RELEASE\\lib\\commons-collections4-4.0.jar;C:\\Users\\anbo1015\\Desktop\\ethereumj-core-1.2.0-RELEASE\\lib\\commons-dbcp-1.4.jar;C:\\Users\\anbo1015\\Desktop\\ethereumj-core-1.2.0-RELEASE\\lib\\commons-lang3-3.4.jar;C:\\Users\\anbo1015\\Desktop\\ethereumj-core-1.2.0-RELEASE\\lib\\commons-logging-1.2.jar;C:\\Users\\anbo1015\\Desktop\\ethereumj-core-1.2.0-RELEASE\\lib\\commons-pool-1.5.4.jar;C:\\Users\\anbo1015\\Desktop\\ethereumj-core-1.2.0-RELEASE\\lib\\commons-pool2-2.0.jar;C:\\Users\\anbo1015\\Desktop\\ethereumj-core-1.2.0-RELEASE\\lib\\config-1.2.1.jar;C:\\Users\\anbo1015\\Desktop\\ethereumj-core-1.2.0-RELEASE\\lib\\core-1.51.0.0.jar;C:\\Users\\anbo1015\\Desktop\\ethereumj-core-1.2.0-RELEASE\\lib\\dom4j-1.6.1.jar;C:\\Users\\anbo1015\\Desktop\\ethereumj-core-1.2.0-RELEASE\\lib\\ethereumj-core-1.2.0-RELEASE.jar;C:\\Users\\anbo1015\\Desktop\\ethereumj-core-1.2.0-RELEASE\\lib\\guava-16.0.1.jar;C:\\Users\\anbo1015\\Desktop\\ethereumj-core-1.2.0-RELEASE\\lib\\h2-1.4.187.jar;C:\\Users\\anbo1015\\Desktop\\ethereumj-core-1.2.0-RELEASE\\lib\\hawtjni-runtime-1.9.jar;C:\\Users\\anbo1015\\Desktop\\ethereumj-core-1.2.0-RELEASE\\lib\\hibernate-commons-annotations-4.0.5.Final.jar;C:\\Users\\anbo1015\\Desktop\\ethereumj-core-1.2.0-RELEASE\\lib\\hibernate-core-4.3.7.Final.jar;C:\\Users\\anbo1015\\Desktop\\ethereumj-core-1.2.0-RELEASE\\lib\\hibernate-entitymanager-4.3.7.Final.jar;C:\\Users\\anbo1015\\Desktop\\ethereumj-core-1.2.0-RELEASE\\lib\\hibernate-jpa-2.1-api-1.0.0.Final.jar;C:\\Users\\anbo1015\\Desktop\\ethereumj-core-1.2.0-RELEASE\\lib\\jackson-annotations-2.5.0.jar;C:\\Users\\anbo1015\\Desktop\\ethereumj-core-1.2.0-RELEASE\\lib\\jackson-core-2.5.1.jar;C:\\Users\\anbo1015\\Desktop\\ethereumj-core-1.2.0-RELEASE\\lib\\jackson-core-asl-1.9.13.jar;C:\\Users\\anbo1015\\Desktop\\ethereumj-core-1.2.0-RELEASE\\lib\\jackson-databind-2.5.1.jar;C:\\Users\\anbo1015\\Desktop\\ethereumj-core-1.2.0-RELEASE\\lib\\jackson-mapper-asl-1.9.13.jar;C:\\Users\\anbo1015\\Desktop\\ethereumj-core-1.2.0-RELEASE\\lib\\jandex-1.1.0.Final.jar;C:\\Users\\anbo1015\\Desktop\\ethereumj-core-1.2.0-RELEASE\\lib\\java-util-1.8.0.jar;C:\\Users\\anbo1015\\Desktop\\ethereumj-core-1.2.0-RELEASE\\lib\\javassist-3.18.1-GA.jar;C:\\Users\\anbo1015\\Desktop\\ethereumj-core-1.2.0-RELEASE\\lib\\jboss-logging-3.1.3.GA.jar;C:\\Users\\anbo1015\\Desktop\\ethereumj-core-1.2.0-RELEASE\\lib\\jboss-logging-annotations-1.2.0.Beta1.jar;C:\\Users\\anbo1015\\Desktop\\ethereumj-core-1.2.0-RELEASE\\lib\\jboss-transaction-api_1.2_spec-1.0.0.Final.jar;C:\\Users\\anbo1015\\Desktop\\ethereumj-core-1.2.0-RELEASE\\lib\\jcl-over-slf4j-1.7.7.jar;C:\\Users\\anbo1015\\Desktop\\ethereumj-core-1.2.0-RELEASE\\lib\\jedis-2.6.0.jar;C:\\Users\\anbo1015\\Desktop\\ethereumj-core-1.2.0-RELEASE\\lib\\json-io-2.4.1.jar;C:\\Users\\anbo1015\\Desktop\\ethereumj-core-1.2.0-RELEASE\\lib\\json-simple-1.1.1.jar;C:\\Users\\anbo1015\\Desktop\\ethereumj-core-1.2.0-RELEASE\\lib\\jsr305-3.0.0.jar;C:\\Users\\anbo1015\\Desktop\\ethereumj-core-1.2.0-RELEASE\\lib\\leveldb-0.7.jar;C:\\Users\\anbo1015\\Desktop\\ethereumj-core-1.2.0-RELEASE\\lib\\leveldb-api-0.7.jar;C:\\Users\\anbo1015\\Desktop\\ethereumj-core-1.2.0-RELEASE\\lib\\leveldbjni-1.8.jar;C:\\Users\\anbo1015\\Desktop\\ethereumj-core-1.2.0-RELEASE\\lib\\leveldbjni-all-1.18.jar;C:\\Users\\anbo1015\\Desktop\\ethereumj-core-1.2.0-RELEASE\\lib\\log4j-1.2.17.jar;C:\\Users\\anbo1015\\Desktop\\ethereumj-core-1.2.0-RELEASE\\lib\\mapdb-2.0-beta12.jar;C:\\Users\\anbo1015\\Desktop\\ethereumj-core-1.2.0-RELEASE\\lib\\netty-all-4.0.30.Final.jar;C:\\Users\\anbo1015\\Desktop\\ethereumj-core-1.2.0-RELEASE\\lib\\prov-1.51.0.0.jar;C:\\Users\\anbo1015\\Desktop\\ethereumj-core-1.2.0-RELEASE\\lib\\slf4j-api-1.7.7.jar;C:\\Users\\anbo1015\\Desktop\\ethereumj-core-1.2.0-RELEASE\\lib\\slf4j-log4j12-1.7.7.jar;C:\\Users\\anbo1015\\Desktop\\ethereumj-core-1.2.0-RELEASE\\lib\\spring-aop-4.2.0.RELEASE.jar;C:\\Users\\anbo1015\\Desktop\\ethereumj-core-1.2.0-RELEASE\\lib\\spring-beans-4.2.0.RELEASE.jar;C:\\Users\\anbo1015\\Desktop\\ethereumj-core-1.2.0-RELEASE\\lib\\spring-context-4.2.0.RELEASE.jar;C:\\Users\\anbo1015\\Desktop\\ethereumj-core-1.2.0-RELEASE\\lib\\spring-core-4.2.0.RELEASE.jar;C:\\Users\\anbo1015\\Desktop\\ethereumj-core-1.2.0-RELEASE\\lib\\spring-expression-4.2.0.RELEASE.jar;C:\\Users\\anbo1015\\Desktop\\ethereumj-core-1.2.0-RELEASE\\lib\\spring-jdbc-4.2.0.RELEASE.jar;C:\\Users\\anbo1015\\Desktop\\ethereumj-core-1.2.0-RELEASE\\lib\\spring-orm-4.2.0.RELEASE.jar;C:\\Users\\anbo1015\\Desktop\\ethereumj-core-1.2.0-RELEASE\\lib\\spring-tx-4.2.0.RELEASE.jar;C:\\Users\\anbo1015\\Desktop\\ethereumj-core-1.2.0-RELEASE\\lib\\xml-apis-1.0.b2.jar;C:\\Program Files\\Apache Software Foundation\\Apache Tomcat 8.0.27\\lib\\annotations-api.jar;C:\\Program Files\\Apache Software Foundation\\Apache Tomcat 8.0.27\\lib\\catalina-ant.jar;C:\\Program Files\\Apache Software Foundation\\Apache Tomcat 8.0.27\\lib\\catalina-ha.jar;C:\\Program Files\\Apache Software Foundation\\Apache Tomcat 8.0.27\\lib\\catalina-storeconfig.jar;C:\\Program Files\\Apache Software Foundation\\Apache Tomcat 8.0.27\\lib\\catalina-tribes.jar;C:\\Program Files\\Apache Software Foundation\\Apache Tomcat 8.0.27\\lib\\catalina.jar;C:\\Program Files\\Apache Software Foundation\\Apache Tomcat 8.0.27\\lib\\ecj-4.4.2.jar;C:\\Program Files\\Apache Software Foundation\\Apache Tomcat 8.0.27\\lib\\el-api.jar;C:\\Program Files\\Apache Software Foundation\\Apache Tomcat 8.0.27\\lib\\jasper-el.jar;C:\\Program Files\\Apache Software Foundation\\Apache Tomcat 8.0.27\\lib\\jasper.jar;C:\\Program Files\\Apache Software Foundation\\Apache Tomcat 8.0.27\\lib\\jsp-api.jar;C:\\Program Files\\Apache Software Foundation\\Apache Tomcat 8.0.27\\lib\\servlet-api.jar;C:\\Program Files\\Apache Software Foundation\\Apache Tomcat 8.0.27\\lib\\tomcat-api.jar;C:\\Program Files\\Apache Software Foundation\\Apache Tomcat 8.0.27\\lib\\tomcat-coyote.jar;C:\\Program Files\\Apache Software Foundation\\Apache Tomcat 8.0.27\\lib\\tomcat-dbcp.jar;C:\\Program Files\\Apache Software Foundation\\Apache Tomcat 8.0.27\\lib\\tomcat-i18n-es.jar;C:\\Program Files\\Apache Software Foundation\\Apache Tomcat 8.0.27\\lib\\tomcat-i18n-fr.jar;C:\\Program Files\\Apache Software Foundation\\Apache Tomcat 8.0.27\\lib\\tomcat-i18n-ja.jar;C:\\Program Files\\Apache Software Foundation\\Apache Tomcat 8.0.27\\lib\\tomcat-jdbc.jar;C:\\Program Files\\Apache Software Foundation\\Apache Tomcat 8.0.27\\lib\\tomcat-jni.jar;C:\\Program Files\\Apache Software Foundation\\Apache Tomcat 8.0.27\\lib\\tomcat-util-scan.jar;C:\\Program Files\\Apache Software Foundation\\Apache Tomcat 8.0.27\\lib\\tomcat-util.jar;C:\\Program Files\\Apache Software Foundation\\Apache Tomcat 8.0.27\\lib\\tomcat-websocket.jar;C:\\Program Files\\Apache Software Foundation\\Apache Tomcat 8.0.27\\lib\\websocket-api.jar"
        # system properties
        version="52.0"
    }
    # system properties
    endorsed {
        # system properties
        dirs="C:\\Program Files\\Java\\jdk1.8.0_65\\jre\\lib\\endorsed"
    }
    # system properties
    ext {
        # system properties
        dirs="C:\\Program Files\\Java\\jdk1.8.0_65\\jre\\lib\\ext;C:\\windows\\Sun\\Java\\lib\\ext"
    }
    # system properties
    home="C:\\Program Files\\Java\\jdk1.8.0_65\\jre"
    # system properties
    io {
        # system properties
        tmpdir="C:\\Users\\anbo1015\\AppData\\Local\\Temp\\"
    }
    # system properties
    library {
        # system properties
        path="C:\\Program Files\\Java\\jdk1.8.0_65\\bin;C:\\windows\\Sun\\Java\\bin;C:\\windows\\system32;C:\\windows;C:\\ProgramData\\Oracle\\Java\\javapath;C:\\oracle\\product\\11.2.0\\client_1;C:\\oracle\\product\\10.2.0\\client_1;C:\\Program Files (x86)\\Intel\\iCLS Client\\;C:\\Program Files\\Intel\\iCLS Client\\;C:\\windows\\system32;C:\\windows;C:\\windows\\System32\\Wbem;C:\\Users\\anbo1015\\Documents\\Maven\\bin;C:\\windows\\System32\\WindowsPowerShell\\v1.0\\;C:\\Program Files (x86)\\Intel\\OpenCL SDK\\2.0\\bin\\x86;C:\\Program Files (x86)\\Intel\\OpenCL SDK\\2.0\\bin\\x64;C:\\Program Files\\Intel\\Intel(R) Management Engine Components\\DAL;C:\\Program Files\\Intel\\Intel(R) Management Engine Components\\IPT;C:\\Program Files (x86)\\Intel\\Intel(R) Management Engine Components\\DAL;C:\\Program Files (x86)\\Intel\\Intel(R) Management Engine Components\\IPT;C:\\Program Files (x86)\\Kaspersky Lab\\Kaspersky Endpoint Security 10 for Windows\\;C:\\Program Files\\TortoiseSVN\\bin;C:\\Program Files (x86)\\Skype\\Phone\\;C:\\Program Files (x86)\\Sennheiser\\SoftphoneSDK\\;."
    }
    # system properties
    runtime {
        # system properties
        name="Java(TM) SE Runtime Environment"
        # system properties
        version="1.8.0_65-b17"
    }
    # system properties
    specification {
        # system properties
        name="Java Platform API Specification"
        # system properties
        vendor="Oracle Corporation"
        # system properties
        version="1.8"
    }
    # system properties
    vendor {
        # system properties
        url {
            # system properties
            bug="http://bugreport.sun.com/bugreport/"
        }
    }
    # system properties
    version="1.8.0_65"
    # system properties
    vm {
        # system properties
        info="mixed mode"
        # system properties
        name="Java HotSpot(TM) 64-Bit Server VM"
        # system properties
        specification {
            # system properties
            name="Java Virtual Machine Specification"
            # system properties
            vendor="Oracle Corporation"
            # system properties
            version="1.8"
        }
        # system properties
        vendor="Oracle Corporation"
        # system properties
        version="25.65-b01"
    }
}
# ethereumj.conf: 244
keyvalue {
    # ethereumj.conf: 244
    datasource=leveldb
}
# system properties
line {
    # system properties
    separator="\r\n"
}
# ethereumj.conf: 319
mine {
    # ethereumj.conf: 328
    coinbase="50b8f981ce93fd5b81b844409169148428400bf3"
    # ethereumj.conf: 345
    cpuMineThreads=4
    # ethereumj.conf: 332
    extraData="EthereumJ powered"
    # ethereumj.conf: 351
    fullDataSet=true
    # ethereumj.conf: 341
    minBlockTimeoutMsec=0
    # ethereumj.conf: 338
    minGasPrice=50000000000
    # ethereumj.conf: 325
    start=false
}
# system properties
os {
    # system properties
    arch=amd64
    # system properties
    name="Windows 7"
    # system properties
    version="6.1"
}
# system properties
path {
    # system properties
    separator=";"
}
# ethereumj.conf: 1-56
peer {
    # ethereumj.conf: 59
    active=[]
    # ethereumj.conf: 83
    capabilities=[
        # ethereumj.conf: 83
        eth
    ]
    # ethereumj.conf: 96
    channel {
        # ethereumj.conf: 96
        read {
            # ethereumj.conf: 96
            timeout=90
        }
    }
    # ethereumj.conf: 91
    connection {
        # ethereumj.conf: 91
        timeout=2
    }
    # ethereumj.conf: 1
    discovery {
        # ethereumj.conf: 49
        bind {
            # ethereumj.conf: 49
            ip=""
        }
        # ethereumj.conf: 7
        enabled=true
        # ethereumj.conf: 41
        external {
            # ethereumj.conf: 41
            ip=null
        }
        # ethereumj.conf: 17
        ip {
            # ethereumj.conf: 17
            list=[
                # ethereumj.conf: 18
                "54.94.239.50:30303",
                # ethereumj.conf: 19
                "52.16.188.185:30303",
                # ethereumj.conf: 20
                "frontier-2.ether.camp:30303",
                # ethereumj.conf: 21
                "frontier-3.ether.camp:30303",
                # ethereumj.conf: 22
                "frontier-4.ether.camp:30303"
            ]
        }
        # ethereumj.conf: 27
        persist=true
        # ethereumj.conf: 53
        public {
            # ethereumj.conf: 53
            home {
                # ethereumj.conf: 53
                node=true
            }
        }
        # ethereumj.conf: 36
        touchMaxNodes=100
        # ethereumj.conf: 32
        touchPeriod=600
        # ethereumj.conf: 12
        workers=8
    }
    # ethereumj.conf: 87
    listen {
        # ethereumj.conf: 87
        port=30303
    }
    # ethereumj.conf: 123
    maxAcivePeers=30
    # ethereumj.conf: 105
    networkId=1
    # ethereumj.conf: 107
    p2p {
        # ethereumj.conf: 117
        eip8=true
        # ethereumj.conf: 113
        framing {
            # ethereumj.conf: 113
            maxSize=32768
        }
    }
    # ethereumj.conf: 70
    trusted=[]
}
# ethereumj.conf: 225
play {
    # ethereumj.conf: 225
    vm=true
}
# ethereumj.conf: 250
record {
    # ethereumj.conf: 250
    blocks=false
}
# ethereumj.conf: 248
redis {
    # ethereumj.conf: 248
    enabled=false
}
# ethereumj.conf: 241
root {
    # ethereumj.conf: 241
    hash {
        # ethereumj.conf: 241
        start=null
    }
}
# ethereumj.conf: 162
samples {
    # ethereumj.conf: 162
    dir=samples
}
# system properties
sun {
    # system properties
    arch {
        # system properties
        data {
            # system properties
            model="64"
        }
    }
    # system properties
    boot {
        # system properties
        class {
            # system properties
            path="C:\\Program Files\\NetBeans 8.1\\enterprise\\modules\\ext\\javaee6-endorsed\\javax.annotation.jar;C:\\Program Files\\NetBeans 8.1\\enterprise\\modules\\ext\\javaee6-endorsed\\jaxb-api-osgi.jar;C:\\Program Files\\NetBeans 8.1\\enterprise\\modules\\ext\\javaee6-endorsed\\webservices-api-osgi.jar;C:\\Program Files\\Java\\jdk1.8.0_65\\jre\\lib\\resources.jar;C:\\Program Files\\Java\\jdk1.8.0_65\\jre\\lib\\rt.jar;C:\\Program Files\\Java\\jdk1.8.0_65\\jre\\lib\\sunrsasign.jar;C:\\Program Files\\Java\\jdk1.8.0_65\\jre\\lib\\jsse.jar;C:\\Program Files\\Java\\jdk1.8.0_65\\jre\\lib\\jce.jar;C:\\Program Files\\Java\\jdk1.8.0_65\\jre\\lib\\charsets.jar;C:\\Program Files\\Java\\jdk1.8.0_65\\jre\\lib\\jfr.jar;C:\\Program Files\\Java\\jdk1.8.0_65\\jre\\classes"
        }
        # system properties
        library {
            # system properties
            path="C:\\Program Files\\Java\\jdk1.8.0_65\\jre\\bin"
        }
    }
    # system properties
    cpu {
        # system properties
        endian=little
        # system properties
        isalist=amd64
    }
    # system properties
    desktop=windows
    # system properties
    io {
        # system properties
        unicode {
            # system properties
            encoding=UnicodeLittle
        }
    }
    # system properties
    java {
        # system properties
        command="test.testing"
        # system properties
        launcher="SUN_STANDARD"
    }
    # system properties
    jnu {
        # system properties
        encoding=Cp1252
    }
    # system properties
    management {
        # system properties
        compiler="HotSpot 64-Bit Tiered Compilers"
    }
    # system properties
    os {
        # system properties
        patch {
            # system properties
            level="Service Pack 1"
        }
    }
}
# ethereumj.conf: 284
sync {
    # ethereumj.conf: 288
    enabled=true
    # ethereumj.conf: 295-302
    max {
        # ethereumj.conf: 302
        blocks {
            # ethereumj.conf: 302
            ask=100
        }
        # ethereumj.conf: 295
        hashes {
            # ethereumj.conf: 295
            ask=10000
        }
    }
    # ethereumj.conf: 310
    peer {
        # ethereumj.conf: 310
        count=30
    }
}
# ethereumj.conf: 218
trace {
    # ethereumj.conf: 218
    startblock=-1
}
# ethereumj.conf: 153-157
transaction {
    # ethereumj.conf: 153
    approve {
        # ethereumj.conf: 153
        timeout=15
    }
    # ethereumj.conf: 157
    outdated {
        # ethereumj.conf: 157
        threshold=10
    }
}
# system properties
user {
    # system properties
    country=US
    # system properties
    dir="C:\\Users\\anbo1015\\Documents\\NetBeansProjects\\WebMoney"
    # system properties
    home="C:\\Users\\anbo1015"
    # system properties
    language=en
    # system properties
    name=anbo1015
    # system properties
    script=""
    # system properties
    timezone="Europe/Helsinki"
    # system properties
    variant=""
}
# ethereumj.conf: 208
vm {
    # ethereumj.conf: 208
    structured {
        # ethereumj.conf: 211
        compressed=true
        # ethereumj.conf: 210
        dir=vmtrace
        # ethereumj.conf: 212
        initStorageLimit=10000
        # ethereumj.conf: 209
        trace=false
    }
}

14:57:41.675 INFO [general]  Config ( yes ): default properties from resource 'ethereumj.conf'
14:57:41.675 INFO [general]  Config ( no  ): user properties from -Dethereumj.conf.res resource 'null'
14:57:41.675 INFO [general]  Config ( no  ): user properties from resource 'user.conf'
14:57:41.675 INFO [general]  Config ( no  ): user properties from file 'C:\Users\anbo1015\Documents\NetBeansProjects\WebMoney\config\ethereumj.conf'
14:57:41.675 INFO [general]  Config ( no  ): test properties from resource 'test-ethereumj.conf'
14:57:41.675 INFO [general]  Config ( no  ): test properties from resource 'test-user.conf'
14:57:41.675 INFO [general]  Config ( no  ): user properties from -Dethereumj.conf.file file 'null'
14:57:41.675 INFO [general]  Config ( no  ): config passed via constructor
14:57:41.765 DEBUG [general]  Config trace: # system properties
awt {
    # system properties
    toolkit="sun.awt.windows.WToolkit"
}
# ethereumj.conf: 140-251
blockchain {
    # ethereumj.conf: 140
    config {
        # ethereumj.conf: 140
        name=main
    }
    # ethereumj.conf: 251
    only=false
}
# ethereumj.conf: 257
blocks {
    # ethereumj.conf: 257
    loader=""
}
# ethereumj.conf: 271
cache {
    # ethereumj.conf: 273
    flush {
        # ethereumj.conf: 279
        blocks=1000
        # ethereumj.conf: 276
        memory=0
    }
}
# ethereumj.conf: 179
coinbase {
    # ethereumj.conf: 179
    secret=monkey
}
# ethereumj.conf: 164
database {
    # ethereumj.conf: 167
    dir=database
    # ethereumj.conf: 173
    reset=false
}
# ethereumj.conf: 264
details {
    # ethereumj.conf: 264
    inmemory {
        # ethereumj.conf: 264
        storage {
            # ethereumj.conf: 264
            limit=1000000
        }
    }
}
# ethereumj.conf: 181
dump {
    # ethereumj.conf: 194
    block=-1
    # ethereumj.conf: 198
    clean {
        # ethereumj.conf: 198
        on {
            # ethereumj.conf: 198
            restart=true
        }
    }
    # ethereumj.conf: 188
    dir=dmp
    # ethereumj.conf: 187
    full=false
    # ethereumj.conf: 195
    style=pretty
}
# system properties
file {
    # system properties
    encoding {
        # system properties
        pkg="sun.io"
    }
    # system properties
    separator="\\"
}
# ethereumj.conf: 130
genesis="frontier.json"
# ethereumj.conf: 229
hello {
    # ethereumj.conf: 229
    phrase=Dev
}
# system properties
java {
    # system properties
    awt {
        # system properties
        graphicsenv="sun.awt.Win32GraphicsEnvironment"
        # system properties
        printerjob="sun.awt.windows.WPrinterJob"
    }
    # system properties
    class {
        # system properties
        path="C:\\Users\\anbo1015\\Documents\\NetBeansProjects\\WebMoney\\build\\web\\WEB-INF\\classes;C:\\Program Files\\NetBeans 8.1\\ide\\modules\\ext\\mysql-connector-java-5.1.23-bin.jar;C:\\Program Files\\Java\\jdk1.8.0_65\\db\\lib\\derby.jar;C:\\Program Files\\Java\\jdk1.8.0_65\\db\\lib\\derbyclient.jar;C:\\Program Files\\Java\\jdk1.8.0_65\\db\\lib\\derbynet.jar;C:\\Program Files\\NetBeans 8.1\\java\\modules\\ext\\eclipselink\\javax.persistence_2.1.0.v201304241213.jar;C:\\Program Files\\NetBeans 8.1\\enterprise\\modules\\ext\\jstl-impl.jar;C:\\Program Files\\NetBeans 8.1\\enterprise\\modules\\ext\\jstl-api.jar;C:\\Users\\anbo1015\\Desktop\\ethereumj-core-1.2.0-RELEASE\\lib\\antlr-2.7.7.jar;C:\\Users\\anbo1015\\Desktop\\ethereumj-core-1.2.0-RELEASE\\lib\\aopalliance-1.0.jar;C:\\Users\\anbo1015\\Desktop\\ethereumj-core-1.2.0-RELEASE\\lib\\apache-log4j-extras-1.2.17.jar;C:\\Users\\anbo1015\\Desktop\\ethereumj-core-1.2.0-RELEASE\\lib\\commons-codec-1.10.jar;C:\\Users\\anbo1015\\Desktop\\ethereumj-core-1.2.0-RELEASE\\lib\\commons-collections4-4.0.jar;C:\\Users\\anbo1015\\Desktop\\ethereumj-core-1.2.0-RELEASE\\lib\\commons-dbcp-1.4.jar;C:\\Users\\anbo1015\\Desktop\\ethereumj-core-1.2.0-RELEASE\\lib\\commons-lang3-3.4.jar;C:\\Users\\anbo1015\\Desktop\\ethereumj-core-1.2.0-RELEASE\\lib\\commons-logging-1.2.jar;C:\\Users\\anbo1015\\Desktop\\ethereumj-core-1.2.0-RELEASE\\lib\\commons-pool-1.5.4.jar;C:\\Users\\anbo1015\\Desktop\\ethereumj-core-1.2.0-RELEASE\\lib\\commons-pool2-2.0.jar;C:\\Users\\anbo1015\\Desktop\\ethereumj-core-1.2.0-RELEASE\\lib\\config-1.2.1.jar;C:\\Users\\anbo1015\\Desktop\\ethereumj-core-1.2.0-RELEASE\\lib\\core-1.51.0.0.jar;C:\\Users\\anbo1015\\Desktop\\ethereumj-core-1.2.0-RELEASE\\lib\\dom4j-1.6.1.jar;C:\\Users\\anbo1015\\Desktop\\ethereumj-core-1.2.0-RELEASE\\lib\\ethereumj-core-1.2.0-RELEASE.jar;C:\\Users\\anbo1015\\Desktop\\ethereumj-core-1.2.0-RELEASE\\lib\\guava-16.0.1.jar;C:\\Users\\anbo1015\\Desktop\\ethereumj-core-1.2.0-RELEASE\\lib\\h2-1.4.187.jar;C:\\Users\\anbo1015\\Desktop\\ethereumj-core-1.2.0-RELEASE\\lib\\hawtjni-runtime-1.9.jar;C:\\Users\\anbo1015\\Desktop\\ethereumj-core-1.2.0-RELEASE\\lib\\hibernate-commons-annotations-4.0.5.Final.jar;C:\\Users\\anbo1015\\Desktop\\ethereumj-core-1.2.0-RELEASE\\lib\\hibernate-core-4.3.7.Final.jar;C:\\Users\\anbo1015\\Desktop\\ethereumj-core-1.2.0-RELEASE\\lib\\hibernate-entitymanager-4.3.7.Final.jar;C:\\Users\\anbo1015\\Desktop\\ethereumj-core-1.2.0-RELEASE\\lib\\hibernate-jpa-2.1-api-1.0.0.Final.jar;C:\\Users\\anbo1015\\Desktop\\ethereumj-core-1.2.0-RELEASE\\lib\\jackson-annotations-2.5.0.jar;C:\\Users\\anbo1015\\Desktop\\ethereumj-core-1.2.0-RELEASE\\lib\\jackson-core-2.5.1.jar;C:\\Users\\anbo1015\\Desktop\\ethereumj-core-1.2.0-RELEASE\\lib\\jackson-core-asl-1.9.13.jar;C:\\Users\\anbo1015\\Desktop\\ethereumj-core-1.2.0-RELEASE\\lib\\jackson-databind-2.5.1.jar;C:\\Users\\anbo1015\\Desktop\\ethereumj-core-1.2.0-RELEASE\\lib\\jackson-mapper-asl-1.9.13.jar;C:\\Users\\anbo1015\\Desktop\\ethereumj-core-1.2.0-RELEASE\\lib\\jandex-1.1.0.Final.jar;C:\\Users\\anbo1015\\Desktop\\ethereumj-core-1.2.0-RELEASE\\lib\\java-util-1.8.0.jar;C:\\Users\\anbo1015\\Desktop\\ethereumj-core-1.2.0-RELEASE\\lib\\javassist-3.18.1-GA.jar;C:\\Users\\anbo1015\\Desktop\\ethereumj-core-1.2.0-RELEASE\\lib\\jboss-logging-3.1.3.GA.jar;C:\\Users\\anbo1015\\Desktop\\ethereumj-core-1.2.0-RELEASE\\lib\\jboss-logging-annotations-1.2.0.Beta1.jar;C:\\Users\\anbo1015\\Desktop\\ethereumj-core-1.2.0-RELEASE\\lib\\jboss-transaction-api_1.2_spec-1.0.0.Final.jar;C:\\Users\\anbo1015\\Desktop\\ethereumj-core-1.2.0-RELEASE\\lib\\jcl-over-slf4j-1.7.7.jar;C:\\Users\\anbo1015\\Desktop\\ethereumj-core-1.2.0-RELEASE\\lib\\jedis-2.6.0.jar;C:\\Users\\anbo1015\\Desktop\\ethereumj-core-1.2.0-RELEASE\\lib\\json-io-2.4.1.jar;C:\\Users\\anbo1015\\Desktop\\ethereumj-core-1.2.0-RELEASE\\lib\\json-simple-1.1.1.jar;C:\\Users\\anbo1015\\Desktop\\ethereumj-core-1.2.0-RELEASE\\lib\\jsr305-3.0.0.jar;C:\\Users\\anbo1015\\Desktop\\ethereumj-core-1.2.0-RELEASE\\lib\\leveldb-0.7.jar;C:\\Users\\anbo1015\\Desktop\\ethereumj-core-1.2.0-RELEASE\\lib\\leveldb-api-0.7.jar;C:\\Users\\anbo1015\\Desktop\\ethereumj-core-1.2.0-RELEASE\\lib\\leveldbjni-1.8.jar;C:\\Users\\anbo1015\\Desktop\\ethereumj-core-1.2.0-RELEASE\\lib\\leveldbjni-all-1.18.jar;C:\\Users\\anbo1015\\Desktop\\ethereumj-core-1.2.0-RELEASE\\lib\\log4j-1.2.17.jar;C:\\Users\\anbo1015\\Desktop\\ethereumj-core-1.2.0-RELEASE\\lib\\mapdb-2.0-beta12.jar;C:\\Users\\anbo1015\\Desktop\\ethereumj-core-1.2.0-RELEASE\\lib\\netty-all-4.0.30.Final.jar;C:\\Users\\anbo1015\\Desktop\\ethereumj-core-1.2.0-RELEASE\\lib\\prov-1.51.0.0.jar;C:\\Users\\anbo1015\\Desktop\\ethereumj-core-1.2.0-RELEASE\\lib\\slf4j-api-1.7.7.jar;C:\\Users\\anbo1015\\Desktop\\ethereumj-core-1.2.0-RELEASE\\lib\\slf4j-log4j12-1.7.7.jar;C:\\Users\\anbo1015\\Desktop\\ethereumj-core-1.2.0-RELEASE\\lib\\spring-aop-4.2.0.RELEASE.jar;C:\\Users\\anbo1015\\Desktop\\ethereumj-core-1.2.0-RELEASE\\lib\\spring-beans-4.2.0.RELEASE.jar;C:\\Users\\anbo1015\\Desktop\\ethereumj-core-1.2.0-RELEASE\\lib\\spring-context-4.2.0.RELEASE.jar;C:\\Users\\anbo1015\\Desktop\\ethereumj-core-1.2.0-RELEASE\\lib\\spring-core-4.2.0.RELEASE.jar;C:\\Users\\anbo1015\\Desktop\\ethereumj-core-1.2.0-RELEASE\\lib\\spring-expression-4.2.0.RELEASE.jar;C:\\Users\\anbo1015\\Desktop\\ethereumj-core-1.2.0-RELEASE\\lib\\spring-jdbc-4.2.0.RELEASE.jar;C:\\Users\\anbo1015\\Desktop\\ethereumj-core-1.2.0-RELEASE\\lib\\spring-orm-4.2.0.RELEASE.jar;C:\\Users\\anbo1015\\Desktop\\ethereumj-core-1.2.0-RELEASE\\lib\\spring-tx-4.2.0.RELEASE.jar;C:\\Users\\anbo1015\\Desktop\\ethereumj-core-1.2.0-RELEASE\\lib\\xml-apis-1.0.b2.jar;C:\\Program Files\\Apache Software Foundation\\Apache Tomcat 8.0.27\\lib\\annotations-api.jar;C:\\Program Files\\Apache Software Foundation\\Apache Tomcat 8.0.27\\lib\\catalina-ant.jar;C:\\Program Files\\Apache Software Foundation\\Apache Tomcat 8.0.27\\lib\\catalina-ha.jar;C:\\Program Files\\Apache Software Foundation\\Apache Tomcat 8.0.27\\lib\\catalina-storeconfig.jar;C:\\Program Files\\Apache Software Foundation\\Apache Tomcat 8.0.27\\lib\\catalina-tribes.jar;C:\\Program Files\\Apache Software Foundation\\Apache Tomcat 8.0.27\\lib\\catalina.jar;C:\\Program Files\\Apache Software Foundation\\Apache Tomcat 8.0.27\\lib\\ecj-4.4.2.jar;C:\\Program Files\\Apache Software Foundation\\Apache Tomcat 8.0.27\\lib\\el-api.jar;C:\\Program Files\\Apache Software Foundation\\Apache Tomcat 8.0.27\\lib\\jasper-el.jar;C:\\Program Files\\Apache Software Foundation\\Apache Tomcat 8.0.27\\lib\\jasper.jar;C:\\Program Files\\Apache Software Foundation\\Apache Tomcat 8.0.27\\lib\\jsp-api.jar;C:\\Program Files\\Apache Software Foundation\\Apache Tomcat 8.0.27\\lib\\servlet-api.jar;C:\\Program Files\\Apache Software Foundation\\Apache Tomcat 8.0.27\\lib\\tomcat-api.jar;C:\\Program Files\\Apache Software Foundation\\Apache Tomcat 8.0.27\\lib\\tomcat-coyote.jar;C:\\Program Files\\Apache Software Foundation\\Apache Tomcat 8.0.27\\lib\\tomcat-dbcp.jar;C:\\Program Files\\Apache Software Foundation\\Apache Tomcat 8.0.27\\lib\\tomcat-i18n-es.jar;C:\\Program Files\\Apache Software Foundation\\Apache Tomcat 8.0.27\\lib\\tomcat-i18n-fr.jar;C:\\Program Files\\Apache Software Foundation\\Apache Tomcat 8.0.27\\lib\\tomcat-i18n-ja.jar;C:\\Program Files\\Apache Software Foundation\\Apache Tomcat 8.0.27\\lib\\tomcat-jdbc.jar;C:\\Program Files\\Apache Software Foundation\\Apache Tomcat 8.0.27\\lib\\tomcat-jni.jar;C:\\Program Files\\Apache Software Foundation\\Apache Tomcat 8.0.27\\lib\\tomcat-util-scan.jar;C:\\Program Files\\Apache Software Foundation\\Apache Tomcat 8.0.27\\lib\\tomcat-util.jar;C:\\Program Files\\Apache Software Foundation\\Apache Tomcat 8.0.27\\lib\\tomcat-websocket.jar;C:\\Program Files\\Apache Software Foundation\\Apache Tomcat 8.0.27\\lib\\websocket-api.jar"
        # system properties
        version="52.0"
    }
    # system properties
    endorsed {
        # system properties
        dirs="C:\\Program Files\\Java\\jdk1.8.0_65\\jre\\lib\\endorsed"
    }
    # system properties
    ext {
        # system properties
        dirs="C:\\Program Files\\Java\\jdk1.8.0_65\\jre\\lib\\ext;C:\\windows\\Sun\\Java\\lib\\ext"
    }
    # system properties
    home="C:\\Program Files\\Java\\jdk1.8.0_65\\jre"
    # system properties
    io {
        # system properties
        tmpdir="C:\\Users\\anbo1015\\AppData\\Local\\Temp\\"
    }
    # system properties
    library {
        # system properties
        path="C:\\Program Files\\Java\\jdk1.8.0_65\\bin;C:\\windows\\Sun\\Java\\bin;C:\\windows\\system32;C:\\windows;C:\\ProgramData\\Oracle\\Java\\javapath;C:\\oracle\\product\\11.2.0\\client_1;C:\\oracle\\product\\10.2.0\\client_1;C:\\Program Files (x86)\\Intel\\iCLS Client\\;C:\\Program Files\\Intel\\iCLS Client\\;C:\\windows\\system32;C:\\windows;C:\\windows\\System32\\Wbem;C:\\Users\\anbo1015\\Documents\\Maven\\bin;C:\\windows\\System32\\WindowsPowerShell\\v1.0\\;C:\\Program Files (x86)\\Intel\\OpenCL SDK\\2.0\\bin\\x86;C:\\Program Files (x86)\\Intel\\OpenCL SDK\\2.0\\bin\\x64;C:\\Program Files\\Intel\\Intel(R) Management Engine Components\\DAL;C:\\Program Files\\Intel\\Intel(R) Management Engine Components\\IPT;C:\\Program Files (x86)\\Intel\\Intel(R) Management Engine Components\\DAL;C:\\Program Files (x86)\\Intel\\Intel(R) Management Engine Components\\IPT;C:\\Program Files (x86)\\Kaspersky Lab\\Kaspersky Endpoint Security 10 for Windows\\;C:\\Program Files\\TortoiseSVN\\bin;C:\\Program Files (x86)\\Skype\\Phone\\;C:\\Program Files (x86)\\Sennheiser\\SoftphoneSDK\\;."
    }
    # system properties
    runtime {
        # system properties
        name="Java(TM) SE Runtime Environment"
        # system properties
        version="1.8.0_65-b17"
    }
    # system properties
    specification {
        # system properties
        name="Java Platform API Specification"
        # system properties
        vendor="Oracle Corporation"
        # system properties
        version="1.8"
    }
    # system properties
    vendor {
        # system properties
        url {
            # system properties
            bug="http://bugreport.sun.com/bugreport/"
        }
    }
    # system properties
    version="1.8.0_65"
    # system properties
    vm {
        # system properties
        info="mixed mode"
        # system properties
        name="Java HotSpot(TM) 64-Bit Server VM"
        # system properties
        specification {
            # system properties
            name="Java Virtual Machine Specification"
            # system properties
            vendor="Oracle Corporation"
            # system properties
            version="1.8"
        }
        # system properties
        vendor="Oracle Corporation"
        # system properties
        version="25.65-b01"
    }
}
# ethereumj.conf: 244
keyvalue {
    # ethereumj.conf: 244
    datasource=leveldb
}
# system properties
line {
    # system properties
    separator="\r\n"
}
# ethereumj.conf: 319
mine {
    # ethereumj.conf: 328
    coinbase="50b8f981ce93fd5b81b844409169148428400bf3"
    # ethereumj.conf: 345
    cpuMineThreads=4
    # ethereumj.conf: 332
    extraData="EthereumJ powered"
    # ethereumj.conf: 351
    fullDataSet=true
    # ethereumj.conf: 341
    minBlockTimeoutMsec=0
    # ethereumj.conf: 338
    minGasPrice=50000000000
    # ethereumj.conf: 325
    start=false
}
# system properties
os {
    # system properties
    arch=amd64
    # system properties
    name="Windows 7"
    # system properties
    version="6.1"
}
# system properties
path {
    # system properties
    separator=";"
}
# ethereumj.conf: 1-56
peer {
    # ethereumj.conf: 59
    active=[]
    # ethereumj.conf: 83
    capabilities=[
        # ethereumj.conf: 83
        eth
    ]
    # ethereumj.conf: 96
    channel {
        # ethereumj.conf: 96
        read {
            # ethereumj.conf: 96
            timeout=90
        }
    }
    # ethereumj.conf: 91
    connection {
        # ethereumj.conf: 91
        timeout=2
    }
    # ethereumj.conf: 1
    discovery {
        # ethereumj.conf: 49
        bind {
            # ethereumj.conf: 49
            ip=""
        }
        # ethereumj.conf: 7
        enabled=true
        # ethereumj.conf: 41
        external {
            # ethereumj.conf: 41
            ip=null
        }
        # ethereumj.conf: 17
        ip {
            # ethereumj.conf: 17
            list=[
                # ethereumj.conf: 18
                "54.94.239.50:30303",
                # ethereumj.conf: 19
                "52.16.188.185:30303",
                # ethereumj.conf: 20
                "frontier-2.ether.camp:30303",
                # ethereumj.conf: 21
                "frontier-3.ether.camp:30303",
                # ethereumj.conf: 22
                "frontier-4.ether.camp:30303"
            ]
        }
        # ethereumj.conf: 27
        persist=true
        # ethereumj.conf: 53
        public {
            # ethereumj.conf: 53
            home {
                # ethereumj.conf: 53
                node=true
            }
        }
        # ethereumj.conf: 36
        touchMaxNodes=100
        # ethereumj.conf: 32
        touchPeriod=600
        # ethereumj.conf: 12
        workers=8
    }
    # ethereumj.conf: 87
    listen {
        # ethereumj.conf: 87
        port=30303
    }
    # ethereumj.conf: 123
    maxAcivePeers=30
    # ethereumj.conf: 105
    networkId=1
    # ethereumj.conf: 107
    p2p {
        # ethereumj.conf: 117
        eip8=true
        # ethereumj.conf: 113
        framing {
            # ethereumj.conf: 113
            maxSize=32768
        }
    }
    # ethereumj.conf: 70
    trusted=[]
}
# ethereumj.conf: 225
play {
    # ethereumj.conf: 225
    vm=true
}
# ethereumj.conf: 250
record {
    # ethereumj.conf: 250
    blocks=false
}
# ethereumj.conf: 248
redis {
    # ethereumj.conf: 248
    enabled=false
}
# ethereumj.conf: 241
root {
    # ethereumj.conf: 241
    hash {
        # ethereumj.conf: 241
        start=null
    }
}
# ethereumj.conf: 162
samples {
    # ethereumj.conf: 162
    dir=samples
}
# system properties
sun {
    # system properties
    arch {
        # system properties
        data {
            # system properties
            model="64"
        }
    }
    # system properties
    boot {
        # system properties
        class {
            # system properties
            path="C:\\Program Files\\NetBeans 8.1\\enterprise\\modules\\ext\\javaee6-endorsed\\javax.annotation.jar;C:\\Program Files\\NetBeans 8.1\\enterprise\\modules\\ext\\javaee6-endorsed\\jaxb-api-osgi.jar;C:\\Program Files\\NetBeans 8.1\\enterprise\\modules\\ext\\javaee6-endorsed\\webservices-api-osgi.jar;C:\\Program Files\\Java\\jdk1.8.0_65\\jre\\lib\\resources.jar;C:\\Program Files\\Java\\jdk1.8.0_65\\jre\\lib\\rt.jar;C:\\Program Files\\Java\\jdk1.8.0_65\\jre\\lib\\sunrsasign.jar;C:\\Program Files\\Java\\jdk1.8.0_65\\jre\\lib\\jsse.jar;C:\\Program Files\\Java\\jdk1.8.0_65\\jre\\lib\\jce.jar;C:\\Program Files\\Java\\jdk1.8.0_65\\jre\\lib\\charsets.jar;C:\\Program Files\\Java\\jdk1.8.0_65\\jre\\lib\\jfr.jar;C:\\Program Files\\Java\\jdk1.8.0_65\\jre\\classes"
        }
        # system properties
        library {
            # system properties
            path="C:\\Program Files\\Java\\jdk1.8.0_65\\jre\\bin"
        }
    }
    # system properties
    cpu {
        # system properties
        endian=little
        # system properties
        isalist=amd64
    }
    # system properties
    desktop=windows
    # system properties
    io {
        # system properties
        unicode {
            # system properties
            encoding=UnicodeLittle
        }
    }
    # system properties
    java {
        # system properties
        command="test.testing"
        # system properties
        launcher="SUN_STANDARD"
    }
    # system properties
    jnu {
        # system properties
        encoding=Cp1252
    }
    # system properties
    management {
        # system properties
        compiler="HotSpot 64-Bit Tiered Compilers"
    }
    # system properties
    os {
        # system properties
        patch {
            # system properties
            level="Service Pack 1"
        }
    }
}
# ethereumj.conf: 284
sync {
    # ethereumj.conf: 288
    enabled=true
    # ethereumj.conf: 295-302
    max {
        # ethereumj.conf: 302
        blocks {
            # ethereumj.conf: 302
            ask=100
        }
        # ethereumj.conf: 295
        hashes {
            # ethereumj.conf: 295
            ask=10000
        }
    }
    # ethereumj.conf: 310
    peer {
        # ethereumj.conf: 310
        count=30
    }
}
# ethereumj.conf: 218
trace {
    # ethereumj.conf: 218
    startblock=-1
}
# ethereumj.conf: 153-157
transaction {
    # ethereumj.conf: 153
    approve {
        # ethereumj.conf: 153
        timeout=15
    }
    # ethereumj.conf: 157
    outdated {
        # ethereumj.conf: 157
        threshold=10
    }
}
# system properties
user {
    # system properties
    country=US
    # system properties
    dir="C:\\Users\\anbo1015\\Documents\\NetBeansProjects\\WebMoney"
    # system properties
    home="C:\\Users\\anbo1015"
    # system properties
    language=en
    # system properties
    name=anbo1015
    # system properties
    script=""
    # system properties
    timezone="Europe/Helsinki"
    # system properties
    variant=""
}
# ethereumj.conf: 208
vm {
    # ethereumj.conf: 208
    structured {
        # ethereumj.conf: 211
        compressed=true
        # ethereumj.conf: 210
        dir=vmtrace
        # ethereumj.conf: 212
        initStorageLimit=10000
        # ethereumj.conf: 209
        trace=false
    }
}

